0 info it worked if it ends with ok
1 verbose cli [ 'node', '/usr/local/bin/npm', 'install' ]
2 info using npm@1.4.9
3 info using node@v0.10.28
4 warn package.json payslip-calculator@0.1.0 No repository field.
5 verbose readDependencies using package.json deps
6 verbose install where, deps [ '/Users/marty/Cloud/Dev/Projects/payslip',
6 verbose install   [ 'angular',
6 verbose install     'grunt',
6 verbose install     'grunt-concurrent',
6 verbose install     'grunt-contrib-jshint',
6 verbose install     'grunt-contrib-nodeunit',
6 verbose install     'grunt-contrib-uglify',
6 verbose install     'grunt-contrib-watch',
6 verbose install     'grunt-sass',
6 verbose install     'grunt-bower-task',
6 verbose install     'grunt-shell',
6 verbose install     'sass-globbing',
6 verbose install     'typescript',
6 verbose install     'grunt-typescript',
6 verbose install     'tsd' ] ]
7 info preinstall payslip-calculator@0.1.0
8 verbose readDependencies using package.json deps
9 verbose already installed skipping grunt-sass@1.0.0 /Users/marty/Cloud/Dev/Projects/payslip
10 verbose already installed skipping grunt-bower-task@0.4.0 /Users/marty/Cloud/Dev/Projects/payslip
11 verbose already installed skipping grunt-shell@^1.1.2 /Users/marty/Cloud/Dev/Projects/payslip
12 verbose cache add [ 'sass-globbing@', null ]
13 verbose cache add name=undefined spec="sass-globbing@" args=["sass-globbing@",null]
14 verbose parsed url { protocol: null,
14 verbose parsed url   slashes: null,
14 verbose parsed url   auth: null,
14 verbose parsed url   host: null,
14 verbose parsed url   port: null,
14 verbose parsed url   hostname: null,
14 verbose parsed url   hash: null,
14 verbose parsed url   search: null,
14 verbose parsed url   query: null,
14 verbose parsed url   pathname: 'sass-globbing@',
14 verbose parsed url   path: 'sass-globbing@',
14 verbose parsed url   href: 'sass-globbing@' }
15 verbose cache add name="sass-globbing" spec="" args=["sass-globbing",""]
16 verbose parsed url { protocol: null,
16 verbose parsed url   slashes: null,
16 verbose parsed url   auth: null,
16 verbose parsed url   host: null,
16 verbose parsed url   port: null,
16 verbose parsed url   hostname: null,
16 verbose parsed url   hash: null,
16 verbose parsed url   search: null,
16 verbose parsed url   query: null,
16 verbose parsed url   pathname: null,
16 verbose parsed url   path: null,
16 verbose parsed url   href: '' }
17 verbose addNamed [ 'sass-globbing', '' ]
18 verbose addNamed [ null, '*' ]
19 verbose cache add [ 'tsd@next', null ]
20 verbose cache add name=undefined spec="tsd@next" args=["tsd@next",null]
21 verbose parsed url { protocol: null,
21 verbose parsed url   slashes: null,
21 verbose parsed url   auth: null,
21 verbose parsed url   host: null,
21 verbose parsed url   port: null,
21 verbose parsed url   hostname: null,
21 verbose parsed url   hash: null,
21 verbose parsed url   search: null,
21 verbose parsed url   query: null,
21 verbose parsed url   pathname: 'tsd@next',
21 verbose parsed url   path: 'tsd@next',
21 verbose parsed url   href: 'tsd@next' }
22 verbose cache add name="tsd" spec="next" args=["tsd","next"]
23 verbose parsed url { protocol: null,
23 verbose parsed url   slashes: null,
23 verbose parsed url   auth: null,
23 verbose parsed url   host: null,
23 verbose parsed url   port: null,
23 verbose parsed url   hostname: null,
23 verbose parsed url   hash: null,
23 verbose parsed url   search: null,
23 verbose parsed url   query: null,
23 verbose parsed url   pathname: 'next',
23 verbose parsed url   path: 'next',
23 verbose parsed url   href: 'next' }
24 verbose addNamed [ 'tsd', 'next' ]
25 verbose addNamed [ null, null ]
26 verbose already installed skipping typescript@1.4.1 /Users/marty/Cloud/Dev/Projects/payslip
27 verbose already installed skipping grunt-typescript@^0.6.1 /Users/marty/Cloud/Dev/Projects/payslip
28 verbose already installed skipping angular@^1.3.15 /Users/marty/Cloud/Dev/Projects/payslip
29 silly lockFile 4c115d56-sass-globbing sass-globbing@
30 verbose lock sass-globbing@ /Users/marty/.npm/4c115d56-sass-globbing.lock
31 silly lockFile 46c16445-tsd-next tsd@next
32 verbose lock tsd@next /Users/marty/.npm/46c16445-tsd-next.lock
33 verbose already installed skipping grunt-concurrent@ /Users/marty/Cloud/Dev/Projects/payslip
34 verbose already installed skipping grunt@^0.4.5 /Users/marty/Cloud/Dev/Projects/payslip
35 verbose already installed skipping grunt-contrib-jshint@~0.10.0 /Users/marty/Cloud/Dev/Projects/payslip
36 verbose already installed skipping grunt-contrib-nodeunit@~0.4.1 /Users/marty/Cloud/Dev/Projects/payslip
37 verbose already installed skipping grunt-contrib-uglify@~0.5.0 /Users/marty/Cloud/Dev/Projects/payslip
38 verbose already installed skipping grunt-contrib-watch@0.6.1 /Users/marty/Cloud/Dev/Projects/payslip
39 silly addNameRange { name: 'sass-globbing', range: '*', hasData: false }
40 info addNameTag [ 'tsd', 'next' ]
41 verbose url raw sass-globbing
42 verbose url resolving [ 'https://registry.npmjs.org/', './sass-globbing' ]
43 verbose url resolved https://registry.npmjs.org/sass-globbing
44 info trying registry request attempt 1 at 05:33:19
45 http GET https://registry.npmjs.org/sass-globbing
46 verbose url raw tsd
47 verbose url resolving [ 'https://registry.npmjs.org/', './tsd' ]
48 verbose url resolved https://registry.npmjs.org/tsd
49 info trying registry request attempt 1 at 05:33:19
50 verbose etag "5GDSEQ5Z0TQFFQNAVBR6RMO1L"
51 http GET https://registry.npmjs.org/tsd
52 http 304 https://registry.npmjs.org/tsd
53 silly registry.get cb [ 304,
53 silly registry.get   { date: 'Sun, 10 May 2015 19:33:19 GMT',
53 silly registry.get     via: '1.1 varnish',
53 silly registry.get     'cache-control': 'max-age=60',
53 silly registry.get     etag: '"5GDSEQ5Z0TQFFQNAVBR6RMO1L"',
53 silly registry.get     age: '0',
53 silly registry.get     connection: 'keep-alive',
53 silly registry.get     'x-served-by': 'cache-sjc3125-SJC',
53 silly registry.get     'x-cache': 'HIT',
53 silly registry.get     'x-cache-hits': '1',
53 silly registry.get     'x-timer': 'S1431286399.976194,VS0,VE36',
53 silly registry.get     vary: 'Accept' } ]
54 verbose etag tsd from cache
55 verbose addNamed [ 'tsd', '0.6.0-beta.5' ]
56 verbose addNamed [ '0.6.0-beta.5', '0.6.0-beta.5' ]
57 silly lockFile defdc1b1-tsd-0-6-0-beta-5 tsd@0.6.0-beta.5
58 verbose lock tsd@0.6.0-beta.5 /Users/marty/.npm/defdc1b1-tsd-0-6-0-beta-5.lock
59 silly lockFile defdc1b1-tsd-0-6-0-beta-5 tsd@0.6.0-beta.5
60 silly lockFile defdc1b1-tsd-0-6-0-beta-5 tsd@0.6.0-beta.5
61 silly lockFile 46c16445-tsd-next tsd@next
62 silly lockFile 46c16445-tsd-next tsd@next
63 info already installed tsd@0.6.0-beta.5
64 http 404 https://registry.npmjs.org/sass-globbing
65 verbose headers { server: 'CouchDB/1.5.0 (Erlang OTP/R16B03)',
65 verbose headers   'content-type': 'application/json',
65 verbose headers   'cache-control': 'max-age=0',
65 verbose headers   'content-length': '51',
65 verbose headers   'accept-ranges': 'bytes',
65 verbose headers   date: 'Sun, 10 May 2015 19:33:20 GMT',
65 verbose headers   via: '1.1 varnish',
65 verbose headers   age: '0',
65 verbose headers   connection: 'keep-alive',
65 verbose headers   'x-served-by': 'cache-sjc3133-SJC',
65 verbose headers   'x-cache': 'MISS',
65 verbose headers   'x-cache-hits': '0',
65 verbose headers   'x-timer': 'S1431286399.970685,VS0,VE93' }
66 silly registry.get cb [ 404,
66 silly registry.get   { server: 'CouchDB/1.5.0 (Erlang OTP/R16B03)',
66 silly registry.get     'content-type': 'application/json',
66 silly registry.get     'cache-control': 'max-age=0',
66 silly registry.get     'content-length': '51',
66 silly registry.get     'accept-ranges': 'bytes',
66 silly registry.get     date: 'Sun, 10 May 2015 19:33:20 GMT',
66 silly registry.get     via: '1.1 varnish',
66 silly registry.get     age: '0',
66 silly registry.get     connection: 'keep-alive',
66 silly registry.get     'x-served-by': 'cache-sjc3133-SJC',
66 silly registry.get     'x-cache': 'MISS',
66 silly registry.get     'x-cache-hits': '0',
66 silly registry.get     'x-timer': 'S1431286399.970685,VS0,VE93' } ]
67 silly lockFile 4c115d56-sass-globbing sass-globbing@
68 silly lockFile 4c115d56-sass-globbing sass-globbing@
69 error 404 404 Not Found: sass-globbing
69 error 404
69 error 404 'sass-globbing' is not in the npm registry.
69 error 404 You should bug the author to publish it
69 error 404 It was specified as a dependency of 'payslip-calculator'
69 error 404
69 error 404 Note that you can also install from a
69 error 404 tarball, folder, or http url, or git url.
70 error System Darwin 14.3.0
71 error command "node" "/usr/local/bin/npm" "install"
72 error cwd /Users/marty/Cloud/Dev/Projects/payslip
73 error node -v v0.10.28
74 error npm -v 1.4.9
75 error code E404
76 verbose exit [ 1, true ]
